Determining if the pthread_create exist failed with the following output:
Change Dir: /home/victor/Myfile/cafkeyproj/opensource-code&data/dlib-19.7/dlib/build/CMakeFiles/CMakeTmp

Run Build Command:"/usr/bin/make" "cmTC_2c1ef/fast"
/usr/bin/make -f CMakeFiles/cmTC_2c1ef.dir/build.make CMakeFiles/cmTC_2c1ef.dir/build
make[1]: Entering directory '/home/victor/Myfile/cafkeyproj/opensource-code&data/dlib-19.7/dlib/build/CMakeFiles/CMakeTmp'
Building C object CMakeFiles/cmTC_2c1ef.dir/CheckSymbolExists.c.o
/usr/bin/cc     -o CMakeFiles/cmTC_2c1ef.dir/CheckSymbolExists.c.o   -c "/home/victor/Myfile/cafkeyproj/opensource-code&data/dlib-19.7/dlib/build/CMakeFiles/CMakeTmp/CheckSymbolExists.c"
Linking C executable cmTC_2c1ef
/usr/bin/cmake -E cmake_link_script CMakeFiles/cmTC_2c1ef.dir/link.txt --verbose=1
/usr/bin/cc       CMakeFiles/cmTC_2c1ef.dir/CheckSymbolExists.c.o  -o cmTC_2c1ef -rdynamic 
CMakeFiles/cmTC_2c1ef.dir/CheckSymbolExists.c.o：在函数‘main’中：
CheckSymbolExists.c:(.text+0x16)：对‘pthread_create’未定义的引用
collect2: error: ld returned 1 exit status
CMakeFiles/cmTC_2c1ef.dir/build.make:97: recipe for target 'cmTC_2c1ef' failed
make[1]: *** [cmTC_2c1ef] Error 1
make[1]: Leaving directory '/home/victor/Myfile/cafkeyproj/opensource-code&data/dlib-19.7/dlib/build/CMakeFiles/CMakeTmp'
Makefile:126: recipe for target 'cmTC_2c1ef/fast' failed
make: *** [cmTC_2c1ef/fast] Error 2

File /home/victor/Myfile/cafkeyproj/opensource-code&data/dlib-19.7/dlib/build/CMakeFiles/CMakeTmp/CheckSymbolExists.c:
/* */
#include <pthread.h>

int main(int argc, char** argv)
{
  (void)argv;
#ifndef pthread_create
  return ((int*)(&pthread_create))[argc];
#else
  (void)argc;
  return 0;
#endif
}

Determining if the function pthread_create exists in the pthreads failed with the following output:
Change Dir: /home/victor/Myfile/cafkeyproj/opensource-code&data/dlib-19.7/dlib/build/CMakeFiles/CMakeTmp

Run Build Command:"/usr/bin/make" "cmTC_9f0ca/fast"
/usr/bin/make -f CMakeFiles/cmTC_9f0ca.dir/build.make CMakeFiles/cmTC_9f0ca.dir/build
make[1]: Entering directory '/home/victor/Myfile/cafkeyproj/opensource-code&data/dlib-19.7/dlib/build/CMakeFiles/CMakeTmp'
Building C object CMakeFiles/cmTC_9f0ca.dir/CheckFunctionExists.c.o
/usr/bin/cc    -DCHECK_FUNCTION_EXISTS=pthread_create   -o CMakeFiles/cmTC_9f0ca.dir/CheckFunctionExists.c.o   -c /usr/share/cmake-3.5/Modules/CheckFunctionExists.c
Linking C executable cmTC_9f0ca
/usr/bin/cmake -E cmake_link_script CMakeFiles/cmTC_9f0ca.dir/link.txt --verbose=1
/usr/bin/cc   -DCHECK_FUNCTION_EXISTS=pthread_create    CMakeFiles/cmTC_9f0ca.dir/CheckFunctionExists.c.o  -o cmTC_9f0ca -rdynamic -lpthreads 
/usr/bin/ld: 找不到 -lpthreads
collect2: error: ld returned 1 exit status
CMakeFiles/cmTC_9f0ca.dir/build.make:97: recipe for target 'cmTC_9f0ca' failed
make[1]: *** [cmTC_9f0ca] Error 1
make[1]: Leaving directory '/home/victor/Myfile/cafkeyproj/opensource-code&data/dlib-19.7/dlib/build/CMakeFiles/CMakeTmp'
Makefile:126: recipe for target 'cmTC_9f0ca/fast' failed
make: *** [cmTC_9f0ca/fast] Error 2


