The system is: Linux - 4.4.0-42-generic - x86_64
Compiling the C compiler identification source file "CMakeCCompilerId.c" succeeded.
Compiler: /usr/bin/cc 
Build flags: 
Id flags: 

The output was:
0


Compilation of the C compiler identification source "CMakeCCompilerId.c" produced "a.out"

The C compiler identification is GNU, found in "/home/victor/Myfile/cafkeyproj/opensource-code&data/dlib-19.7/dlib/build/CMakeFiles/3.5.1/CompilerIdC/a.out"

Compiling the CXX compiler identification source file "CMakeCXXCompilerId.cpp" succeeded.
Compiler: /usr/bin/c++ 
Build flags: 
Id flags: 

The output was:
0


Compilation of the CXX compiler identification source "CMakeCXXCompilerId.cpp" produced "a.out"

The CXX compiler identification is GNU, found in "/home/victor/Myfile/cafkeyproj/opensource-code&data/dlib-19.7/dlib/build/CMakeFiles/3.5.1/CompilerIdCXX/a.out"

Determining if the C compiler works passed with the following output:
Change Dir: /home/victor/Myfile/cafkeyproj/opensource-code&data/dlib-19.7/dlib/build/CMakeFiles/CMakeTmp

Run Build Command:"/usr/bin/make" "cmTC_dbfab/fast"
/usr/bin/make -f CMakeFiles/cmTC_dbfab.dir/build.make CMakeFiles/cmTC_dbfab.dir/build
make[1]: Entering directory '/home/victor/Myfile/cafkeyproj/opensource-code&data/dlib-19.7/dlib/build/CMakeFiles/CMakeTmp'
Building C object CMakeFiles/cmTC_dbfab.dir/testCCompiler.c.o
/usr/bin/cc     -o CMakeFiles/cmTC_dbfab.dir/testCCompiler.c.o   -c "/home/victor/Myfile/cafkeyproj/opensource-code&data/dlib-19.7/dlib/build/CMakeFiles/CMakeTmp/testCCompiler.c"
Linking C executable cmTC_dbfab
/usr/bin/cmake -E cmake_link_script CMakeFiles/cmTC_dbfab.dir/link.txt --verbose=1
/usr/bin/cc       CMakeFiles/cmTC_dbfab.dir/testCCompiler.c.o  -o cmTC_dbfab -rdynamic 
make[1]: Leaving directory '/home/victor/Myfile/cafkeyproj/opensource-code&data/dlib-19.7/dlib/build/CMakeFiles/CMakeTmp'


Detecting C compiler ABI info compiled with the following output:
Change Dir: /home/victor/Myfile/cafkeyproj/opensource-code&data/dlib-19.7/dlib/build/CMakeFiles/CMakeTmp

Run Build Command:"/usr/bin/make" "cmTC_ce687/fast"
/usr/bin/make -f CMakeFiles/cmTC_ce687.dir/build.make CMakeFiles/cmTC_ce687.dir/build
make[1]: Entering directory '/home/victor/Myfile/cafkeyproj/opensource-code&data/dlib-19.7/dlib/build/CMakeFiles/CMakeTmp'
Building C object CMakeFiles/cmTC_ce687.dir/CMakeCCompilerABI.c.o
/usr/bin/cc     -o CMakeFiles/cmTC_ce687.dir/CMakeCCompilerABI.c.o   -c /usr/share/cmake-3.5/Modules/CMakeCCompilerABI.c
Linking C executable cmTC_ce687
/usr/bin/cmake -E cmake_link_script CMakeFiles/cmTC_ce687.dir/link.txt --verbose=1
/usr/bin/cc      -v CMakeFiles/cmTC_ce687.dir/CMakeCCompilerABI.c.o  -o cmTC_ce687 -rdynamic  
Using built-in specs.
COLLECT_GCC=/usr/bin/cc
COLLECT_LTO_WRAPPER=/usr/lib/gcc/x86_64-linux-gnu/5/lto-wrapper
Target: x86_64-linux-gnu
Configured with: ../src/configure -v --with-pkgversion='Ubuntu 5.4.1-2ubuntu1~16.04' --with-bugurl=file:///usr/share/doc/gcc-5/README.Bugs --enable-languages=c,ada,c++,java,go,d,fortran,objc,obj-c++ --prefix=/usr --program-suffix=-5 --enable-shared --enable-linker-build-id --libexecdir=/usr/lib --without-included-gettext --enable-threads=posix --libdir=/usr/lib --enable-nls --with-sysroot=/ --enable-clocale=gnu --enable-libstdcxx-debug --enable-libstdcxx-time=yes --with-default-libstdcxx-abi=new --enable-gnu-unique-object --disable-vtable-verify --enable-libmpx --enable-plugin --with-system-zlib --disable-browser-plugin --enable-java-awt=gtk --enable-gtk-cairo --with-java-home=/usr/lib/jvm/java-1.5.0-gcj-5-amd64/jre --enable-java-home --with-jvm-root-dir=/usr/lib/jvm/java-1.5.0-gcj-5-amd64 --with-jvm-jar-dir=/usr/lib/jvm-exports/java-1.5.0-gcj-5-amd64 --with-arch-directory=amd64 --with-ecj-jar=/usr/share/java/eclipse-ecj.jar --enable-objc-gc --enable-multiarch --disable-werror --with-arch-32=i686 --with-abi=m64 --with-multilib-list=m32,m64,mx32 --enable-multilib --with-tune=generic --enable-checking=release --build=x86_64-linux-gnu --host=x86_64-linux-gnu --target=x86_64-linux-gnu
Thread model: posix
gcc version 5.4.1 20160904 (Ubuntu 5.4.1-2ubuntu1~16.04) 
COMPILER_PATH=/usr/lib/gcc/x86_64-linux-gnu/5/:/usr/lib/gcc/x86_64-linux-gnu/5/:/usr/lib/gcc/x86_64-linux-gnu/:/usr/lib/gcc/x86_64-linux-gnu/5/:/usr/lib/gcc/x86_64-linux-gnu/
LIBRARY_PATH=/usr/lib/gcc/x86_64-linux-gnu/5/:/usr/lib/gcc/x86_64-linux-gnu/5/../../../x86_64-linux-gnu/:/usr/lib/gcc/x86_64-linux-gnu/5/../../../../lib/:/lib/x86_64-linux-gnu/:/lib/../lib/:/usr/lib/x86_64-linux-gnu/:/usr/lib/../lib/:/usr/lib/gcc/x86_64-linux-gnu/5/../../../:/lib/:/usr/lib/
COLLECT_GCC_OPTIONS='-v' '-o' 'cmTC_ce687' '-rdynamic' '-mtune=generic' '-march=x86-64'
 /usr/lib/gcc/x86_64-linux-gnu/5/collect2 -plugin /usr/lib/gcc/x86_64-linux-gnu/5/liblto_plugin.so -plugin-opt=/usr/lib/gcc/x86_64-linux-gnu/5/lto-wrapper -plugin-opt=-fresolution=/tmp/ccNQ3Odi.res -plugin-opt=-pass-through=-lgcc -plugin-opt=-pass-through=-lgcc_s -plugin-opt=-pass-through=-lc -plugin-opt=-pass-through=-lgcc -plugin-opt=-pass-through=-lgcc_s --sysroot=/ --build-id --eh-frame-hdr -m elf_x86_64 --hash-style=gnu --as-needed -export-dynamic -dynamic-linker /lib64/ld-linux-x86-64.so.2 -z relro -o cmTC_ce687 /usr/lib/gcc/x86_64-linux-gnu/5/../../../x86_64-linux-gnu/crt1.o /usr/lib/gcc/x86_64-linux-gnu/5/../../../x86_64-linux-gnu/crti.o /usr/lib/gcc/x86_64-linux-gnu/5/crtbegin.o -L/usr/lib/gcc/x86_64-linux-gnu/5 -L/usr/lib/gcc/x86_64-linux-gnu/5/../../../x86_64-linux-gnu -L/usr/lib/gcc/x86_64-linux-gnu/5/../../../../lib -L/lib/x86_64-linux-gnu -L/lib/../lib -L/usr/lib/x86_64-linux-gnu -L/usr/lib/../lib -L/usr/lib/gcc/x86_64-linux-gnu/5/../../.. CMakeFiles/cmTC_ce687.dir/CMakeCCompilerABI.c.o -lgcc --as-needed -lgcc_s --no-as-needed -lc -lgcc --as-needed -lgcc_s --no-as-needed /usr/lib/gcc/x86_64-linux-gnu/5/crtend.o /usr/lib/gcc/x86_64-linux-gnu/5/../../../x86_64-linux-gnu/crtn.o
make[1]: Leaving directory '/home/victor/Myfile/cafkeyproj/opensource-code&data/dlib-19.7/dlib/build/CMakeFiles/CMakeTmp'


Parsed C implicit link information from above output:
  link line regex: [^( *|.*[/\])(ld|([^/\]+-)?ld|collect2)[^/\]*( |$)]
  ignore line: [Change Dir: /home/victor/Myfile/cafkeyproj/opensource-code&data/dlib-19.7/dlib/build/CMakeFiles/CMakeTmp]
  ignore line: []
  ignore line: [Run Build Command:"/usr/bin/make" "cmTC_ce687/fast"]
  ignore line: [/usr/bin/make -f CMakeFiles/cmTC_ce687.dir/build.make CMakeFiles/cmTC_ce687.dir/build]
  ignore line: [make[1]: Entering directory '/home/victor/Myfile/cafkeyproj/opensource-code&data/dlib-19.7/dlib/build/CMakeFiles/CMakeTmp']
  ignore line: [Building C object CMakeFiles/cmTC_ce687.dir/CMakeCCompilerABI.c.o]
  ignore line: [/usr/bin/cc     -o CMakeFiles/cmTC_ce687.dir/CMakeCCompilerABI.c.o   -c /usr/share/cmake-3.5/Modules/CMakeCCompilerABI.c]
  ignore line: [Linking C executable cmTC_ce687]
  ignore line: [/usr/bin/cmake -E cmake_link_script CMakeFiles/cmTC_ce687.dir/link.txt --verbose=1]
  ignore line: [/usr/bin/cc      -v CMakeFiles/cmTC_ce687.dir/CMakeCCompilerABI.c.o  -o cmTC_ce687 -rdynamic  ]
  ignore line: [Using built-in specs.]
  ignore line: [COLLECT_GCC=/usr/bin/cc]
  ignore line: [COLLECT_LTO_WRAPPER=/usr/lib/gcc/x86_64-linux-gnu/5/lto-wrapper]
  ignore line: [Target: x86_64-linux-gnu]
  ignore line: [Configured with: ../src/configure -v --with-pkgversion='Ubuntu 5.4.1-2ubuntu1~16.04' --with-bugurl=file:///usr/share/doc/gcc-5/README.Bugs --enable-languages=c,ada,c++,java,go,d,fortran,objc,obj-c++ --prefix=/usr --program-suffix=-5 --enable-shared --enable-linker-build-id --libexecdir=/usr/lib --without-included-gettext --enable-threads=posix --libdir=/usr/lib --enable-nls --with-sysroot=/ --enable-clocale=gnu --enable-libstdcxx-debug --enable-libstdcxx-time=yes --with-default-libstdcxx-abi=new --enable-gnu-unique-object --disable-vtable-verify --enable-libmpx --enable-plugin --with-system-zlib --disable-browser-plugin --enable-java-awt=gtk --enable-gtk-cairo --with-java-home=/usr/lib/jvm/java-1.5.0-gcj-5-amd64/jre --enable-java-home --with-jvm-root-dir=/usr/lib/jvm/java-1.5.0-gcj-5-amd64 --with-jvm-jar-dir=/usr/lib/jvm-exports/java-1.5.0-gcj-5-amd64 --with-arch-directory=amd64 --with-ecj-jar=/usr/share/java/eclipse-ecj.jar --enable-objc-gc --enable-multiarch --disable-werror --with-arch-32=i686 --with-abi=m64 --with-multilib-list=m32,m64,mx32 --enable-multilib --with-tune=generic --enable-checking=release --build=x86_64-linux-gnu --host=x86_64-linux-gnu --target=x86_64-linux-gnu]
  ignore line: [Thread model: posix]
  ignore line: [gcc version 5.4.1 20160904 (Ubuntu 5.4.1-2ubuntu1~16.04) ]
  ignore line: [COMPILER_PATH=/usr/lib/gcc/x86_64-linux-gnu/5/:/usr/lib/gcc/x86_64-linux-gnu/5/:/usr/lib/gcc/x86_64-linux-gnu/:/usr/lib/gcc/x86_64-linux-gnu/5/:/usr/lib/gcc/x86_64-linux-gnu/]
  ignore line: [LIBRARY_PATH=/usr/lib/gcc/x86_64-linux-gnu/5/:/usr/lib/gcc/x86_64-linux-gnu/5/../../../x86_64-linux-gnu/:/usr/lib/gcc/x86_64-linux-gnu/5/../../../../lib/:/lib/x86_64-linux-gnu/:/lib/../lib/:/usr/lib/x86_64-linux-gnu/:/usr/lib/../lib/:/usr/lib/gcc/x86_64-linux-gnu/5/../../../:/lib/:/usr/lib/]
  ignore line: [COLLECT_GCC_OPTIONS='-v' '-o' 'cmTC_ce687' '-rdynamic' '-mtune=generic' '-march=x86-64']
  link line: [ /usr/lib/gcc/x86_64-linux-gnu/5/collect2 -plugin /usr/lib/gcc/x86_64-linux-gnu/5/liblto_plugin.so -plugin-opt=/usr/lib/gcc/x86_64-linux-gnu/5/lto-wrapper -plugin-opt=-fresolution=/tmp/ccNQ3Odi.res -plugin-opt=-pass-through=-lgcc -plugin-opt=-pass-through=-lgcc_s -plugin-opt=-pass-through=-lc -plugin-opt=-pass-through=-lgcc -plugin-opt=-pass-through=-lgcc_s --sysroot=/ --build-id --eh-frame-hdr -m elf_x86_64 --hash-style=gnu --as-needed -export-dynamic -dynamic-linker /lib64/ld-linux-x86-64.so.2 -z relro -o cmTC_ce687 /usr/lib/gcc/x86_64-linux-gnu/5/../../../x86_64-linux-gnu/crt1.o /usr/lib/gcc/x86_64-linux-gnu/5/../../../x86_64-linux-gnu/crti.o /usr/lib/gcc/x86_64-linux-gnu/5/crtbegin.o -L/usr/lib/gcc/x86_64-linux-gnu/5 -L/usr/lib/gcc/x86_64-linux-gnu/5/../../../x86_64-linux-gnu -L/usr/lib/gcc/x86_64-linux-gnu/5/../../../../lib -L/lib/x86_64-linux-gnu -L/lib/../lib -L/usr/lib/x86_64-linux-gnu -L/usr/lib/../lib -L/usr/lib/gcc/x86_64-linux-gnu/5/../../.. CMakeFiles/cmTC_ce687.dir/CMakeCCompilerABI.c.o -lgcc --as-needed -lgcc_s --no-as-needed -lc -lgcc --as-needed -lgcc_s --no-as-needed /usr/lib/gcc/x86_64-linux-gnu/5/crtend.o /usr/lib/gcc/x86_64-linux-gnu/5/../../../x86_64-linux-gnu/crtn.o]
    arg [/usr/lib/gcc/x86_64-linux-gnu/5/collect2] ==> ignore
    arg [-plugin] ==> ignore
    arg [/usr/lib/gcc/x86_64-linux-gnu/5/liblto_plugin.so] ==> ignore
    arg [-plugin-opt=/usr/lib/gcc/x86_64-linux-gnu/5/lto-wrapper] ==> ignore
    arg [-plugin-opt=-fresolution=/tmp/ccNQ3Odi.res] ==> ignore
    arg [-plugin-opt=-pass-through=-lgcc] ==> ignore
    arg [-plugin-opt=-pass-through=-lgcc_s] ==> ignore
    arg [-plugin-opt=-pass-through=-lc] ==> ignore
    arg [-plugin-opt=-pass-through=-lgcc] ==> ignore
    arg [-plugin-opt=-pass-through=-lgcc_s] ==> ignore
    arg [--sysroot=/] ==> ignore
    arg [--build-id] ==> ignore
    arg [--eh-frame-hdr] ==> ignore
    arg [-m] ==> ignore
    arg [elf_x86_64] ==> ignore
    arg [--hash-style=gnu] ==> ignore
    arg [--as-needed] ==> ignore
    arg [-export-dynamic] ==> ignore
    arg [-dynamic-linker] ==> ignore
    arg [/lib64/ld-linux-x86-64.so.2] ==> ignore
    arg [-zrelro] ==> ignore
    arg [-o] ==> ignore
    arg [cmTC_ce687] ==> ignore
    arg [/usr/lib/gcc/x86_64-linux-gnu/5/../../../x86_64-linux-gnu/crt1.o] ==> ignore
    arg [/usr/lib/gcc/x86_64-linux-gnu/5/../../../x86_64-linux-gnu/crti.o] ==> ignore
    arg [/usr/lib/gcc/x86_64-linux-gnu/5/crtbegin.o] ==> ignore
    arg [-L/usr/lib/gcc/x86_64-linux-gnu/5] ==> dir [/usr/lib/gcc/x86_64-linux-gnu/5]
    arg [-L/usr/lib/gcc/x86_64-linux-gnu/5/../../../x86_64-linux-gnu] ==> dir [/usr/lib/gcc/x86_64-linux-gnu/5/../../../x86_64-linux-gnu]
    arg [-L/usr/lib/gcc/x86_64-linux-gnu/5/../../../../lib] ==> dir [/usr/lib/gcc/x86_64-linux-gnu/5/../../../../lib]
    arg [-L/lib/x86_64-linux-gnu] ==> dir [/lib/x86_64-linux-gnu]
    arg [-L/lib/../lib] ==> dir [/lib/../lib]
    arg [-L/usr/lib/x86_64-linux-gnu] ==> dir [/usr/lib/x86_64-linux-gnu]
    arg [-L/usr/lib/../lib] ==> dir [/usr/lib/../lib]
    arg [-L/usr/lib/gcc/x86_64-linux-gnu/5/../../..] ==> dir [/usr/lib/gcc/x86_64-linux-gnu/5/../../..]
    arg [CMakeFiles/cmTC_ce687.dir/CMakeCCompilerABI.c.o] ==> ignore
    arg [-lgcc] ==> lib [gcc]
    arg [--as-needed] ==> ignore
    arg [-lgcc_s] ==> lib [gcc_s]
    arg [--no-as-needed] ==> ignore
    arg [-lc] ==> lib [c]
    arg [-lgcc] ==> lib [gcc]
    arg [--as-needed] ==> ignore
    arg [-lgcc_s] ==> lib [gcc_s]
    arg [--no-as-needed] ==> ignore
    arg [/usr/lib/gcc/x86_64-linux-gnu/5/crtend.o] ==> ignore
    arg [/usr/lib/gcc/x86_64-linux-gnu/5/../../../x86_64-linux-gnu/crtn.o] ==> ignore
  remove lib [gcc]
  remove lib [gcc_s]
  remove lib [gcc]
  remove lib [gcc_s]
  collapse library dir [/usr/lib/gcc/x86_64-linux-gnu/5] ==> [/usr/lib/gcc/x86_64-linux-gnu/5]
  collapse library dir [/usr/lib/gcc/x86_64-linux-gnu/5/../../../x86_64-linux-gnu] ==> [/usr/lib/x86_64-linux-gnu]
  collapse library dir [/usr/lib/gcc/x86_64-linux-gnu/5/../../../../lib] ==> [/usr/lib]
  collapse library dir [/lib/x86_64-linux-gnu] ==> [/lib/x86_64-linux-gnu]
  collapse library dir [/lib/../lib] ==> [/lib]
  collapse library dir [/usr/lib/x86_64-linux-gnu] ==> [/usr/lib/x86_64-linux-gnu]
  collapse library dir [/usr/lib/../lib] ==> [/usr/lib]
  collapse library dir [/usr/lib/gcc/x86_64-linux-gnu/5/../../..] ==> [/usr/lib]
  implicit libs: [c]
  implicit dirs: [/usr/lib/gcc/x86_64-linux-gnu/5;/usr/lib/x86_64-linux-gnu;/usr/lib;/lib/x86_64-linux-gnu;/lib]
  implicit fwks: []




Detecting C [-std=c11] compiler features compiled with the following output:
Change Dir: /home/victor/Myfile/cafkeyproj/opensource-code&data/dlib-19.7/dlib/build/CMakeFiles/CMakeTmp

Run Build Command:"/usr/bin/make" "cmTC_39a35/fast"
/usr/bin/make -f CMakeFiles/cmTC_39a35.dir/build.make CMakeFiles/cmTC_39a35.dir/build
make[1]: Entering directory '/home/victor/Myfile/cafkeyproj/opensource-code&data/dlib-19.7/dlib/build/CMakeFiles/CMakeTmp'
Building C object CMakeFiles/cmTC_39a35.dir/feature_tests.c.o
/usr/bin/cc    -std=c11 -o CMakeFiles/cmTC_39a35.dir/feature_tests.c.o   -c "/home/victor/Myfile/cafkeyproj/opensource-code&data/dlib-19.7/dlib/build/CMakeFiles/feature_tests.c"
Linking C executable cmTC_39a35
/usr/bin/cmake -E cmake_link_script CMakeFiles/cmTC_39a35.dir/link.txt --verbose=1
/usr/bin/cc       CMakeFiles/cmTC_39a35.dir/feature_tests.c.o  -o cmTC_39a35 -rdynamic 
make[1]: Leaving directory '/home/victor/Myfile/cafkeyproj/opensource-code&data/dlib-19.7/dlib/build/CMakeFiles/CMakeTmp'


    Feature record: C_FEATURE:1c_function_prototypes
    Feature record: C_FEATURE:1c_restrict
    Feature record: C_FEATURE:1c_static_assert
    Feature record: C_FEATURE:1c_variadic_macros


Detecting C [-std=c99] compiler features compiled with the following output:
Change Dir: /home/victor/Myfile/cafkeyproj/opensource-code&data/dlib-19.7/dlib/build/CMakeFiles/CMakeTmp

Run Build Command:"/usr/bin/make" "cmTC_46e48/fast"
/usr/bin/make -f CMakeFiles/cmTC_46e48.dir/build.make CMakeFiles/cmTC_46e48.dir/build
make[1]: Entering directory '/home/victor/Myfile/cafkeyproj/opensource-code&data/dlib-19.7/dlib/build/CMakeFiles/CMakeTmp'
Building C object CMakeFiles/cmTC_46e48.dir/feature_tests.c.o
/usr/bin/cc    -std=c99 -o CMakeFiles/cmTC_46e48.dir/feature_tests.c.o   -c "/home/victor/Myfile/cafkeyproj/opensource-code&data/dlib-19.7/dlib/build/CMakeFiles/feature_tests.c"
Linking C executable cmTC_46e48
/usr/bin/cmake -E cmake_link_script CMakeFiles/cmTC_46e48.dir/link.txt --verbose=1
/usr/bin/cc       CMakeFiles/cmTC_46e48.dir/feature_tests.c.o  -o cmTC_46e48 -rdynamic 
make[1]: Leaving directory '/home/victor/Myfile/cafkeyproj/opensource-code&data/dlib-19.7/dlib/build/CMakeFiles/CMakeTmp'


    Feature record: C_FEATURE:1c_function_prototypes
    Feature record: C_FEATURE:1c_restrict
    Feature record: C_FEATURE:0c_static_assert
    Feature record: C_FEATURE:1c_variadic_macros


Detecting C [-std=c90] compiler features compiled with the following output:
Change Dir: /home/victor/Myfile/cafkeyproj/opensource-code&data/dlib-19.7/dlib/build/CMakeFiles/CMakeTmp

Run Build Command:"/usr/bin/make" "cmTC_2707c/fast"
/usr/bin/make -f CMakeFiles/cmTC_2707c.dir/build.make CMakeFiles/cmTC_2707c.dir/build
make[1]: Entering directory '/home/victor/Myfile/cafkeyproj/opensource-code&data/dlib-19.7/dlib/build/CMakeFiles/CMakeTmp'
Building C object CMakeFiles/cmTC_2707c.dir/feature_tests.c.o
/usr/bin/cc    -std=c90 -o CMakeFiles/cmTC_2707c.dir/feature_tests.c.o   -c "/home/victor/Myfile/cafkeyproj/opensource-code&data/dlib-19.7/dlib/build/CMakeFiles/feature_tests.c"
Linking C executable cmTC_2707c
/usr/bin/cmake -E cmake_link_script CMakeFiles/cmTC_2707c.dir/link.txt --verbose=1
/usr/bin/cc       CMakeFiles/cmTC_2707c.dir/feature_tests.c.o  -o cmTC_2707c -rdynamic 
make[1]: Leaving directory '/home/victor/Myfile/cafkeyproj/opensource-code&data/dlib-19.7/dlib/build/CMakeFiles/CMakeTmp'


    Feature record: C_FEATURE:1c_function_prototypes
    Feature record: C_FEATURE:0c_restrict
    Feature record: C_FEATURE:0c_static_assert
    Feature record: C_FEATURE:0c_variadic_macros
Determining if the CXX compiler works passed with the following output:
Change Dir: /home/victor/Myfile/cafkeyproj/opensource-code&data/dlib-19.7/dlib/build/CMakeFiles/CMakeTmp

Run Build Command:"/usr/bin/make" "cmTC_39502/fast"
/usr/bin/make -f CMakeFiles/cmTC_39502.dir/build.make CMakeFiles/cmTC_39502.dir/build
make[1]: Entering directory '/home/victor/Myfile/cafkeyproj/opensource-code&data/dlib-19.7/dlib/build/CMakeFiles/CMakeTmp'
Building CXX object CMakeFiles/cmTC_39502.dir/testCXXCompiler.cxx.o
/usr/bin/c++      -o CMakeFiles/cmTC_39502.dir/testCXXCompiler.cxx.o -c "/home/victor/Myfile/cafkeyproj/opensource-code&data/dlib-19.7/dlib/build/CMakeFiles/CMakeTmp/testCXXCompiler.cxx"
Linking CXX executable cmTC_39502
/usr/bin/cmake -E cmake_link_script CMakeFiles/cmTC_39502.dir/link.txt --verbose=1
/usr/bin/c++        CMakeFiles/cmTC_39502.dir/testCXXCompiler.cxx.o  -o cmTC_39502 -rdynamic 
make[1]: Leaving directory '/home/victor/Myfile/cafkeyproj/opensource-code&data/dlib-19.7/dlib/build/CMakeFiles/CMakeTmp'


Detecting CXX compiler ABI info compiled with the following output:
Change Dir: /home/victor/Myfile/cafkeyproj/opensource-code&data/dlib-19.7/dlib/build/CMakeFiles/CMakeTmp

Run Build Command:"/usr/bin/make" "cmTC_0f848/fast"
/usr/bin/make -f CMakeFiles/cmTC_0f848.dir/build.make CMakeFiles/cmTC_0f848.dir/build
make[1]: Entering directory '/home/victor/Myfile/cafkeyproj/opensource-code&data/dlib-19.7/dlib/build/CMakeFiles/CMakeTmp'
Building CXX object CMakeFiles/cmTC_0f848.dir/CMakeCXXCompilerABI.cpp.o
/usr/bin/c++      -o CMakeFiles/cmTC_0f848.dir/CMakeCXXCompilerABI.cpp.o -c /usr/share/cmake-3.5/Modules/CMakeCXXCompilerABI.cpp
Linking CXX executable cmTC_0f848
/usr/bin/cmake -E cmake_link_script CMakeFiles/cmTC_0f848.dir/link.txt --verbose=1
/usr/bin/c++       -v CMakeFiles/cmTC_0f848.dir/CMakeCXXCompilerABI.cpp.o  -o cmTC_0f848 -rdynamic  
Using built-in specs.
COLLECT_GCC=/usr/bin/c++
COLLECT_LTO_WRAPPER=/usr/lib/gcc/x86_64-linux-gnu/5/lto-wrapper
Target: x86_64-linux-gnu
Configured with: ../src/configure -v --with-pkgversion='Ubuntu 5.4.1-2ubuntu1~16.04' --with-bugurl=file:///usr/share/doc/gcc-5/README.Bugs --enable-languages=c,ada,c++,java,go,d,fortran,objc,obj-c++ --prefix=/usr --program-suffix=-5 --enable-shared --enable-linker-build-id --libexecdir=/usr/lib --without-included-gettext --enable-threads=posix --libdir=/usr/lib --enable-nls --with-sysroot=/ --enable-clocale=gnu --enable-libstdcxx-debug --enable-libstdcxx-time=yes --with-default-libstdcxx-abi=new --enable-gnu-unique-object --disable-vtable-verify --enable-libmpx --enable-plugin --with-system-zlib --disable-browser-plugin --enable-java-awt=gtk --enable-gtk-cairo --with-java-home=/usr/lib/jvm/java-1.5.0-gcj-5-amd64/jre --enable-java-home --with-jvm-root-dir=/usr/lib/jvm/java-1.5.0-gcj-5-amd64 --with-jvm-jar-dir=/usr/lib/jvm-exports/java-1.5.0-gcj-5-amd64 --with-arch-directory=amd64 --with-ecj-jar=/usr/share/java/eclipse-ecj.jar --enable-objc-gc --enable-multiarch --disable-werror --with-arch-32=i686 --with-abi=m64 --with-multilib-list=m32,m64,mx32 --enable-multilib --with-tune=generic --enable-checking=release --build=x86_64-linux-gnu --host=x86_64-linux-gnu --target=x86_64-linux-gnu
Thread model: posix
gcc version 5.4.1 20160904 (Ubuntu 5.4.1-2ubuntu1~16.04) 
COMPILER_PATH=/usr/lib/gcc/x86_64-linux-gnu/5/:/usr/lib/gcc/x86_64-linux-gnu/5/:/usr/lib/gcc/x86_64-linux-gnu/:/usr/lib/gcc/x86_64-linux-gnu/5/:/usr/lib/gcc/x86_64-linux-gnu/
LIBRARY_PATH=/usr/lib/gcc/x86_64-linux-gnu/5/:/usr/lib/gcc/x86_64-linux-gnu/5/../../../x86_64-linux-gnu/:/usr/lib/gcc/x86_64-linux-gnu/5/../../../../lib/:/lib/x86_64-linux-gnu/:/lib/../lib/:/usr/lib/x86_64-linux-gnu/:/usr/lib/../lib/:/usr/lib/gcc/x86_64-linux-gnu/5/../../../:/lib/:/usr/lib/
COLLECT_GCC_OPTIONS='-v' '-o' 'cmTC_0f848' '-rdynamic' '-shared-libgcc' '-mtune=generic' '-march=x86-64'
 /usr/lib/gcc/x86_64-linux-gnu/5/collect2 -plugin /usr/lib/gcc/x86_64-linux-gnu/5/liblto_plugin.so -plugin-opt=/usr/lib/gcc/x86_64-linux-gnu/5/lto-wrapper -plugin-opt=-fresolution=/tmp/ccxgfyxL.res -plugin-opt=-pass-through=-lgcc_s -plugin-opt=-pass-through=-lgcc -plugin-opt=-pass-through=-lc -plugin-opt=-pass-through=-lgcc_s -plugin-opt=-pass-through=-lgcc --sysroot=/ --build-id --eh-frame-hdr -m elf_x86_64 --hash-style=gnu --as-needed -export-dynamic -dynamic-linker /lib64/ld-linux-x86-64.so.2 -z relro -o cmTC_0f848 /usr/lib/gcc/x86_64-linux-gnu/5/../../../x86_64-linux-gnu/crt1.o /usr/lib/gcc/x86_64-linux-gnu/5/../../../x86_64-linux-gnu/crti.o /usr/lib/gcc/x86_64-linux-gnu/5/crtbegin.o -L/usr/lib/gcc/x86_64-linux-gnu/5 -L/usr/lib/gcc/x86_64-linux-gnu/5/../../../x86_64-linux-gnu -L/usr/lib/gcc/x86_64-linux-gnu/5/../../../../lib -L/lib/x86_64-linux-gnu -L/lib/../lib -L/usr/lib/x86_64-linux-gnu -L/usr/lib/../lib -L/usr/lib/gcc/x86_64-linux-gnu/5/../../.. CMakeFiles/cmTC_0f848.dir/CMakeCXXCompilerABI.cpp.o -lstdc++ -lm -lgcc_s -lgcc -lc -lgcc_s -lgcc /usr/lib/gcc/x86_64-linux-gnu/5/crtend.o /usr/lib/gcc/x86_64-linux-gnu/5/../../../x86_64-linux-gnu/crtn.o
make[1]: Leaving directory '/home/victor/Myfile/cafkeyproj/opensource-code&data/dlib-19.7/dlib/build/CMakeFiles/CMakeTmp'


Parsed CXX implicit link information from above output:
  link line regex: [^( *|.*[/\])(ld|([^/\]+-)?ld|collect2)[^/\]*( |$)]
  ignore line: [Change Dir: /home/victor/Myfile/cafkeyproj/opensource-code&data/dlib-19.7/dlib/build/CMakeFiles/CMakeTmp]
  ignore line: []
  ignore line: [Run Build Command:"/usr/bin/make" "cmTC_0f848/fast"]
  ignore line: [/usr/bin/make -f CMakeFiles/cmTC_0f848.dir/build.make CMakeFiles/cmTC_0f848.dir/build]
  ignore line: [make[1]: Entering directory '/home/victor/Myfile/cafkeyproj/opensource-code&data/dlib-19.7/dlib/build/CMakeFiles/CMakeTmp']
  ignore line: [Building CXX object CMakeFiles/cmTC_0f848.dir/CMakeCXXCompilerABI.cpp.o]
  ignore line: [/usr/bin/c++      -o CMakeFiles/cmTC_0f848.dir/CMakeCXXCompilerABI.cpp.o -c /usr/share/cmake-3.5/Modules/CMakeCXXCompilerABI.cpp]
  ignore line: [Linking CXX executable cmTC_0f848]
  ignore line: [/usr/bin/cmake -E cmake_link_script CMakeFiles/cmTC_0f848.dir/link.txt --verbose=1]
  ignore line: [/usr/bin/c++       -v CMakeFiles/cmTC_0f848.dir/CMakeCXXCompilerABI.cpp.o  -o cmTC_0f848 -rdynamic  ]
  ignore line: [Using built-in specs.]
  ignore line: [COLLECT_GCC=/usr/bin/c++]
  ignore line: [COLLECT_LTO_WRAPPER=/usr/lib/gcc/x86_64-linux-gnu/5/lto-wrapper]
  ignore line: [Target: x86_64-linux-gnu]
  ignore line: [Configured with: ../src/configure -v --with-pkgversion='Ubuntu 5.4.1-2ubuntu1~16.04' --with-bugurl=file:///usr/share/doc/gcc-5/README.Bugs --enable-languages=c,ada,c++,java,go,d,fortran,objc,obj-c++ --prefix=/usr --program-suffix=-5 --enable-shared --enable-linker-build-id --libexecdir=/usr/lib --without-included-gettext --enable-threads=posix --libdir=/usr/lib --enable-nls --with-sysroot=/ --enable-clocale=gnu --enable-libstdcxx-debug --enable-libstdcxx-time=yes --with-default-libstdcxx-abi=new --enable-gnu-unique-object --disable-vtable-verify --enable-libmpx --enable-plugin --with-system-zlib --disable-browser-plugin --enable-java-awt=gtk --enable-gtk-cairo --with-java-home=/usr/lib/jvm/java-1.5.0-gcj-5-amd64/jre --enable-java-home --with-jvm-root-dir=/usr/lib/jvm/java-1.5.0-gcj-5-amd64 --with-jvm-jar-dir=/usr/lib/jvm-exports/java-1.5.0-gcj-5-amd64 --with-arch-directory=amd64 --with-ecj-jar=/usr/share/java/eclipse-ecj.jar --enable-objc-gc --enable-multiarch --disable-werror --with-arch-32=i686 --with-abi=m64 --with-multilib-list=m32,m64,mx32 --enable-multilib --with-tune=generic --enable-checking=release --build=x86_64-linux-gnu --host=x86_64-linux-gnu --target=x86_64-linux-gnu]
  ignore line: [Thread model: posix]
  ignore line: [gcc version 5.4.1 20160904 (Ubuntu 5.4.1-2ubuntu1~16.04) ]
  ignore line: [COMPILER_PATH=/usr/lib/gcc/x86_64-linux-gnu/5/:/usr/lib/gcc/x86_64-linux-gnu/5/:/usr/lib/gcc/x86_64-linux-gnu/:/usr/lib/gcc/x86_64-linux-gnu/5/:/usr/lib/gcc/x86_64-linux-gnu/]
  ignore line: [LIBRARY_PATH=/usr/lib/gcc/x86_64-linux-gnu/5/:/usr/lib/gcc/x86_64-linux-gnu/5/../../../x86_64-linux-gnu/:/usr/lib/gcc/x86_64-linux-gnu/5/../../../../lib/:/lib/x86_64-linux-gnu/:/lib/../lib/:/usr/lib/x86_64-linux-gnu/:/usr/lib/../lib/:/usr/lib/gcc/x86_64-linux-gnu/5/../../../:/lib/:/usr/lib/]
  ignore line: [COLLECT_GCC_OPTIONS='-v' '-o' 'cmTC_0f848' '-rdynamic' '-shared-libgcc' '-mtune=generic' '-march=x86-64']
  link line: [ /usr/lib/gcc/x86_64-linux-gnu/5/collect2 -plugin /usr/lib/gcc/x86_64-linux-gnu/5/liblto_plugin.so -plugin-opt=/usr/lib/gcc/x86_64-linux-gnu/5/lto-wrapper -plugin-opt=-fresolution=/tmp/ccxgfyxL.res -plugin-opt=-pass-through=-lgcc_s -plugin-opt=-pass-through=-lgcc -plugin-opt=-pass-through=-lc -plugin-opt=-pass-through=-lgcc_s -plugin-opt=-pass-through=-lgcc --sysroot=/ --build-id --eh-frame-hdr -m elf_x86_64 --hash-style=gnu --as-needed -export-dynamic -dynamic-linker /lib64/ld-linux-x86-64.so.2 -z relro -o cmTC_0f848 /usr/lib/gcc/x86_64-linux-gnu/5/../../../x86_64-linux-gnu/crt1.o /usr/lib/gcc/x86_64-linux-gnu/5/../../../x86_64-linux-gnu/crti.o /usr/lib/gcc/x86_64-linux-gnu/5/crtbegin.o -L/usr/lib/gcc/x86_64-linux-gnu/5 -L/usr/lib/gcc/x86_64-linux-gnu/5/../../../x86_64-linux-gnu -L/usr/lib/gcc/x86_64-linux-gnu/5/../../../../lib -L/lib/x86_64-linux-gnu -L/lib/../lib -L/usr/lib/x86_64-linux-gnu -L/usr/lib/../lib -L/usr/lib/gcc/x86_64-linux-gnu/5/../../.. CMakeFiles/cmTC_0f848.dir/CMakeCXXCompilerABI.cpp.o -lstdc++ -lm -lgcc_s -lgcc -lc -lgcc_s -lgcc /usr/lib/gcc/x86_64-linux-gnu/5/crtend.o /usr/lib/gcc/x86_64-linux-gnu/5/../../../x86_64-linux-gnu/crtn.o]
    arg [/usr/lib/gcc/x86_64-linux-gnu/5/collect2] ==> ignore
    arg [-plugin] ==> ignore
    arg [/usr/lib/gcc/x86_64-linux-gnu/5/liblto_plugin.so] ==> ignore
    arg [-plugin-opt=/usr/lib/gcc/x86_64-linux-gnu/5/lto-wrapper] ==> ignore
    arg [-plugin-opt=-fresolution=/tmp/ccxgfyxL.res] ==> ignore
    arg [-plugin-opt=-pass-through=-lgcc_s] ==> ignore
    arg [-plugin-opt=-pass-through=-lgcc] ==> ignore
    arg [-plugin-opt=-pass-through=-lc] ==> ignore
    arg [-plugin-opt=-pass-through=-lgcc_s] ==> ignore
    arg [-plugin-opt=-pass-through=-lgcc] ==> ignore
    arg [--sysroot=/] ==> ignore
    arg [--build-id] ==> ignore
    arg [--eh-frame-hdr] ==> ignore
    arg [-m] ==> ignore
    arg [elf_x86_64] ==> ignore
    arg [--hash-style=gnu] ==> ignore
    arg [--as-needed] ==> ignore
    arg [-export-dynamic] ==> ignore
    arg [-dynamic-linker] ==> ignore
    arg [/lib64/ld-linux-x86-64.so.2] ==> ignore
    arg [-zrelro] ==> ignore
    arg [-o] ==> ignore
    arg [cmTC_0f848] ==> ignore
    arg [/usr/lib/gcc/x86_64-linux-gnu/5/../../../x86_64-linux-gnu/crt1.o] ==> ignore
    arg [/usr/lib/gcc/x86_64-linux-gnu/5/../../../x86_64-linux-gnu/crti.o] ==> ignore
    arg [/usr/lib/gcc/x86_64-linux-gnu/5/crtbegin.o] ==> ignore
    arg [-L/usr/lib/gcc/x86_64-linux-gnu/5] ==> dir [/usr/lib/gcc/x86_64-linux-gnu/5]
    arg [-L/usr/lib/gcc/x86_64-linux-gnu/5/../../../x86_64-linux-gnu] ==> dir [/usr/lib/gcc/x86_64-linux-gnu/5/../../../x86_64-linux-gnu]
    arg [-L/usr/lib/gcc/x86_64-linux-gnu/5/../../../../lib] ==> dir [/usr/lib/gcc/x86_64-linux-gnu/5/../../../../lib]
    arg [-L/lib/x86_64-linux-gnu] ==> dir [/lib/x86_64-linux-gnu]
    arg [-L/lib/../lib] ==> dir [/lib/../lib]
    arg [-L/usr/lib/x86_64-linux-gnu] ==> dir [/usr/lib/x86_64-linux-gnu]
    arg [-L/usr/lib/../lib] ==> dir [/usr/lib/../lib]
    arg [-L/usr/lib/gcc/x86_64-linux-gnu/5/../../..] ==> dir [/usr/lib/gcc/x86_64-linux-gnu/5/../../..]
    arg [CMakeFiles/cmTC_0f848.dir/CMakeCXXCompilerABI.cpp.o] ==> ignore
    arg [-lstdc++] ==> lib [stdc++]
    arg [-lm] ==> lib [m]
    arg [-lgcc_s] ==> lib [gcc_s]
    arg [-lgcc] ==> lib [gcc]
    arg [-lc] ==> lib [c]
    arg [-lgcc_s] ==> lib [gcc_s]
    arg [-lgcc] ==> lib [gcc]
    arg [/usr/lib/gcc/x86_64-linux-gnu/5/crtend.o] ==> ignore
    arg [/usr/lib/gcc/x86_64-linux-gnu/5/../../../x86_64-linux-gnu/crtn.o] ==> ignore
  remove lib [gcc_s]
  remove lib [gcc]
  remove lib [gcc_s]
  remove lib [gcc]
  collapse library dir [/usr/lib/gcc/x86_64-linux-gnu/5] ==> [/usr/lib/gcc/x86_64-linux-gnu/5]
  collapse library dir [/usr/lib/gcc/x86_64-linux-gnu/5/../../../x86_64-linux-gnu] ==> [/usr/lib/x86_64-linux-gnu]
  collapse library dir [/usr/lib/gcc/x86_64-linux-gnu/5/../../../../lib] ==> [/usr/lib]
  collapse library dir [/lib/x86_64-linux-gnu] ==> [/lib/x86_64-linux-gnu]
  collapse library dir [/lib/../lib] ==> [/lib]
  collapse library dir [/usr/lib/x86_64-linux-gnu] ==> [/usr/lib/x86_64-linux-gnu]
  collapse library dir [/usr/lib/../lib] ==> [/usr/lib]
  collapse library dir [/usr/lib/gcc/x86_64-linux-gnu/5/../../..] ==> [/usr/lib]
  implicit libs: [stdc++;m;c]
  implicit dirs: [/usr/lib/gcc/x86_64-linux-gnu/5;/usr/lib/x86_64-linux-gnu;/usr/lib;/lib/x86_64-linux-gnu;/lib]
  implicit fwks: []




Detecting CXX [-std=c++14] compiler features compiled with the following output:
Change Dir: /home/victor/Myfile/cafkeyproj/opensource-code&data/dlib-19.7/dlib/build/CMakeFiles/CMakeTmp

Run Build Command:"/usr/bin/make" "cmTC_7a251/fast"
/usr/bin/make -f CMakeFiles/cmTC_7a251.dir/build.make CMakeFiles/cmTC_7a251.dir/build
make[1]: Entering directory '/home/victor/Myfile/cafkeyproj/opensource-code&data/dlib-19.7/dlib/build/CMakeFiles/CMakeTmp'
Building CXX object CMakeFiles/cmTC_7a251.dir/feature_tests.cxx.o
/usr/bin/c++     -std=c++14 -o CMakeFiles/cmTC_7a251.dir/feature_tests.cxx.o -c "/home/victor/Myfile/cafkeyproj/opensource-code&data/dlib-19.7/dlib/build/CMakeFiles/feature_tests.cxx"
Linking CXX executable cmTC_7a251
/usr/bin/cmake -E cmake_link_script CMakeFiles/cmTC_7a251.dir/link.txt --verbose=1
/usr/bin/c++        CMakeFiles/cmTC_7a251.dir/feature_tests.cxx.o  -o cmTC_7a251 -rdynamic 
make[1]: Leaving directory '/home/victor/Myfile/cafkeyproj/opensource-code&data/dlib-19.7/dlib/build/CMakeFiles/CMakeTmp'


    Feature record: CXX_FEATURE:1cxx_aggregate_default_initializers
    Feature record: CXX_FEATURE:1cxx_alias_templates
    Feature record: CXX_FEATURE:1cxx_alignas
    Feature record: CXX_FEATURE:1cxx_alignof
    Feature record: CXX_FEATURE:1cxx_attributes
    Feature record: CXX_FEATURE:1cxx_attribute_deprecated
    Feature record: CXX_FEATURE:1cxx_auto_type
    Feature record: CXX_FEATURE:1cxx_binary_literals
    Feature record: CXX_FEATURE:1cxx_constexpr
    Feature record: CXX_FEATURE:1cxx_contextual_conversions
    Feature record: CXX_FEATURE:1cxx_decltype
    Feature record: CXX_FEATURE:1cxx_decltype_auto
    Feature record: CXX_FEATURE:1cxx_decltype_incomplete_return_types
    Feature record: CXX_FEATURE:1cxx_default_function_template_args
    Feature record: CXX_FEATURE:1cxx_defaulted_functions
    Feature record: CXX_FEATURE:1cxx_defaulted_move_initializers
    Feature record: CXX_FEATURE:1cxx_delegating_constructors
    Feature record: CXX_FEATURE:1cxx_deleted_functions
    Feature record: CXX_FEATURE:1cxx_digit_separators
    Feature record: CXX_FEATURE:1cxx_enum_forward_declarations
    Feature record: CXX_FEATURE:1cxx_explicit_conversions
    Feature record: CXX_FEATURE:1cxx_extended_friend_declarations
    Feature record: CXX_FEATURE:1cxx_extern_templates
    Feature record: CXX_FEATURE:1cxx_final
    Feature record: CXX_FEATURE:1cxx_func_identifier
    Feature record: CXX_FEATURE:1cxx_generalized_initializers
    Feature record: CXX_FEATURE:1cxx_generic_lambdas
    Feature record: CXX_FEATURE:1cxx_inheriting_constructors
    Feature record: CXX_FEATURE:1cxx_inline_namespaces
    Feature record: CXX_FEATURE:1cxx_lambdas
    Feature record: CXX_FEATURE:1cxx_lambda_init_captures
    Feature record: CXX_FEATURE:1cxx_local_type_template_args
    Feature record: CXX_FEATURE:1cxx_long_long_type
    Feature record: CXX_FEATURE:1cxx_noexcept
    Feature record: CXX_FEATURE:1cxx_nonstatic_member_init
    Feature record: CXX_FEATURE:1cxx_nullptr
    Feature record: CXX_FEATURE:1cxx_override
    Feature record: CXX_FEATURE:1cxx_range_for
    Feature record: CXX_FEATURE:1cxx_raw_string_literals
    Feature record: CXX_FEATURE:1cxx_reference_qualified_functions
    Feature record: CXX_FEATURE:1cxx_relaxed_constexpr
    Feature record: CXX_FEATURE:1cxx_return_type_deduction
    Feature record: CXX_FEATURE:1cxx_right_angle_brackets
    Feature record: CXX_FEATURE:1cxx_rvalue_references
    Feature record: CXX_FEATURE:1cxx_sizeof_member
    Feature record: CXX_FEATURE:1cxx_static_assert
    Feature record: CXX_FEATURE:1cxx_strong_enums
    Feature record: CXX_FEATURE:1cxx_template_template_parameters
    Feature record: CXX_FEATURE:1cxx_thread_local
    Feature record: CXX_FEATURE:1cxx_trailing_return_types
    Feature record: CXX_FEATURE:1cxx_unicode_literals
    Feature record: CXX_FEATURE:1cxx_uniform_initialization
    Feature record: CXX_FEATURE:1cxx_unrestricted_unions
    Feature record: CXX_FEATURE:1cxx_user_literals
    Feature record: CXX_FEATURE:1cxx_variable_templates
    Feature record: CXX_FEATURE:1cxx_variadic_macros
    Feature record: CXX_FEATURE:1cxx_variadic_templates


Detecting CXX [-std=c++11] compiler features compiled with the following output:
Change Dir: /home/victor/Myfile/cafkeyproj/opensource-code&data/dlib-19.7/dlib/build/CMakeFiles/CMakeTmp

Run Build Command:"/usr/bin/make" "cmTC_f8755/fast"
/usr/bin/make -f CMakeFiles/cmTC_f8755.dir/build.make CMakeFiles/cmTC_f8755.dir/build
make[1]: Entering directory '/home/victor/Myfile/cafkeyproj/opensource-code&data/dlib-19.7/dlib/build/CMakeFiles/CMakeTmp'
Building CXX object CMakeFiles/cmTC_f8755.dir/feature_tests.cxx.o
/usr/bin/c++     -std=c++11 -o CMakeFiles/cmTC_f8755.dir/feature_tests.cxx.o -c "/home/victor/Myfile/cafkeyproj/opensource-code&data/dlib-19.7/dlib/build/CMakeFiles/feature_tests.cxx"
Linking CXX executable cmTC_f8755
/usr/bin/cmake -E cmake_link_script CMakeFiles/cmTC_f8755.dir/link.txt --verbose=1
/usr/bin/c++        CMakeFiles/cmTC_f8755.dir/feature_tests.cxx.o  -o cmTC_f8755 -rdynamic 
make[1]: Leaving directory '/home/victor/Myfile/cafkeyproj/opensource-code&data/dlib-19.7/dlib/build/CMakeFiles/CMakeTmp'


    Feature record: CXX_FEATURE:0cxx_aggregate_default_initializers
    Feature record: CXX_FEATURE:1cxx_alias_templates
    Feature record: CXX_FEATURE:1cxx_alignas
    Feature record: CXX_FEATURE:1cxx_alignof
    Feature record: CXX_FEATURE:1cxx_attributes
    Feature record: CXX_FEATURE:0cxx_attribute_deprecated
    Feature record: CXX_FEATURE:1cxx_auto_type
    Feature record: CXX_FEATURE:0cxx_binary_literals
    Feature record: CXX_FEATURE:1cxx_constexpr
    Feature record: CXX_FEATURE:0cxx_contextual_conversions
    Feature record: CXX_FEATURE:1cxx_decltype
    Feature record: CXX_FEATURE:0cxx_decltype_auto
    Feature record: CXX_FEATURE:1cxx_decltype_incomplete_return_types
    Feature record: CXX_FEATURE:1cxx_default_function_template_args
    Feature record: CXX_FEATURE:1cxx_defaulted_functions
    Feature record: CXX_FEATURE:1cxx_defaulted_move_initializers
    Feature record: CXX_FEATURE:1cxx_delegating_constructors
    Feature record: CXX_FEATURE:1cxx_deleted_functions
    Feature record: CXX_FEATURE:0cxx_digit_separators
    Feature record: CXX_FEATURE:1cxx_enum_forward_declarations
    Feature record: CXX_FEATURE:1cxx_explicit_conversions
    Feature record: CXX_FEATURE:1cxx_extended_friend_declarations
    Feature record: CXX_FEATURE:1cxx_extern_templates
    Feature record: CXX_FEATURE:1cxx_final
    Feature record: CXX_FEATURE:1cxx_func_identifier
    Feature record: CXX_FEATURE:1cxx_generalized_initializers
    Feature record: CXX_FEATURE:0cxx_generic_lambdas
    Feature record: CXX_FEATURE:1cxx_inheriting_constructors
    Feature record: CXX_FEATURE:1cxx_inline_namespaces
    Feature record: CXX_FEATURE:1cxx_lambdas
    Feature record: CXX_FEATURE:0cxx_lambda_init_captures
    Feature record: CXX_FEATURE:1cxx_local_type_template_args
    Feature record: CXX_FEATURE:1cxx_long_long_type
    Feature record: CXX_FEATURE:1cxx_noexcept
    Feature record: CXX_FEATURE:1cxx_nonstatic_member_init
    Feature record: CXX_FEATURE:1cxx_nullptr
    Feature record: CXX_FEATURE:1cxx_override
    Feature record: CXX_FEATURE:1cxx_range_for
    Feature record: CXX_FEATURE:1cxx_raw_string_literals
    Feature record: CXX_FEATURE:1cxx_reference_qualified_functions
    Feature record: CXX_FEATURE:0cxx_relaxed_constexpr
    Feature record: CXX_FEATURE:0cxx_return_type_deduction
    Feature record: CXX_FEATURE:1cxx_right_angle_brackets
    Feature record: CXX_FEATURE:1cxx_rvalue_references
    Feature record: CXX_FEATURE:1cxx_sizeof_member
    Feature record: CXX_FEATURE:1cxx_static_assert
    Feature record: CXX_FEATURE:1cxx_strong_enums
    Feature record: CXX_FEATURE:1cxx_template_template_parameters
    Feature record: CXX_FEATURE:1cxx_thread_local
    Feature record: CXX_FEATURE:1cxx_trailing_return_types
    Feature record: CXX_FEATURE:1cxx_unicode_literals
    Feature record: CXX_FEATURE:1cxx_uniform_initialization
    Feature record: CXX_FEATURE:1cxx_unrestricted_unions
    Feature record: CXX_FEATURE:1cxx_user_literals
    Feature record: CXX_FEATURE:0cxx_variable_templates
    Feature record: CXX_FEATURE:1cxx_variadic_macros
    Feature record: CXX_FEATURE:1cxx_variadic_templates


Detecting CXX [-std=c++98] compiler features compiled with the following output:
Change Dir: /home/victor/Myfile/cafkeyproj/opensource-code&data/dlib-19.7/dlib/build/CMakeFiles/CMakeTmp

Run Build Command:"/usr/bin/make" "cmTC_6ea40/fast"
/usr/bin/make -f CMakeFiles/cmTC_6ea40.dir/build.make CMakeFiles/cmTC_6ea40.dir/build
make[1]: Entering directory '/home/victor/Myfile/cafkeyproj/opensource-code&data/dlib-19.7/dlib/build/CMakeFiles/CMakeTmp'
Building CXX object CMakeFiles/cmTC_6ea40.dir/feature_tests.cxx.o
/usr/bin/c++     -std=c++98 -o CMakeFiles/cmTC_6ea40.dir/feature_tests.cxx.o -c "/home/victor/Myfile/cafkeyproj/opensource-code&data/dlib-19.7/dlib/build/CMakeFiles/feature_tests.cxx"
Linking CXX executable cmTC_6ea40
/usr/bin/cmake -E cmake_link_script CMakeFiles/cmTC_6ea40.dir/link.txt --verbose=1
/usr/bin/c++        CMakeFiles/cmTC_6ea40.dir/feature_tests.cxx.o  -o cmTC_6ea40 -rdynamic 
make[1]: Leaving directory '/home/victor/Myfile/cafkeyproj/opensource-code&data/dlib-19.7/dlib/build/CMakeFiles/CMakeTmp'


    Feature record: CXX_FEATURE:0cxx_aggregate_default_initializers
    Feature record: CXX_FEATURE:0cxx_alias_templates
    Feature record: CXX_FEATURE:0cxx_alignas
    Feature record: CXX_FEATURE:0cxx_alignof
    Feature record: CXX_FEATURE:0cxx_attributes
    Feature record: CXX_FEATURE:0cxx_attribute_deprecated
    Feature record: CXX_FEATURE:0cxx_auto_type
    Feature record: CXX_FEATURE:0cxx_binary_literals
    Feature record: CXX_FEATURE:0cxx_constexpr
    Feature record: CXX_FEATURE:0cxx_contextual_conversions
    Feature record: CXX_FEATURE:0cxx_decltype
    Feature record: CXX_FEATURE:0cxx_decltype_auto
    Feature record: CXX_FEATURE:0cxx_decltype_incomplete_return_types
    Feature record: CXX_FEATURE:0cxx_default_function_template_args
    Feature record: CXX_FEATURE:0cxx_defaulted_functions
    Feature record: CXX_FEATURE:0cxx_defaulted_move_initializers
    Feature record: CXX_FEATURE:0cxx_delegating_constructors
    Feature record: CXX_FEATURE:0cxx_deleted_functions
    Feature record: CXX_FEATURE:0cxx_digit_separators
    Feature record: CXX_FEATURE:0cxx_enum_forward_declarations
    Feature record: CXX_FEATURE:0cxx_explicit_conversions
    Feature record: CXX_FEATURE:0cxx_extended_friend_declarations
    Feature record: CXX_FEATURE:0cxx_extern_templates
    Feature record: CXX_FEATURE:0cxx_final
    Feature record: CXX_FEATURE:0cxx_func_identifier
    Feature record: CXX_FEATURE:0cxx_generalized_initializers
    Feature record: CXX_FEATURE:0cxx_generic_lambdas
    Feature record: CXX_FEATURE:0cxx_inheriting_constructors
    Feature record: CXX_FEATURE:0cxx_inline_namespaces
    Feature record: CXX_FEATURE:0cxx_lambdas
    Feature record: CXX_FEATURE:0cxx_lambda_init_captures
    Feature record: CXX_FEATURE:0cxx_local_type_template_args
    Feature record: CXX_FEATURE:0cxx_long_long_type
    Feature record: CXX_FEATURE:0cxx_noexcept
    Feature record: CXX_FEATURE:0cxx_nonstatic_member_init
    Feature record: CXX_FEATURE:0cxx_nullptr
    Feature record: CXX_FEATURE:0cxx_override
    Feature record: CXX_FEATURE:0cxx_range_for
    Feature record: CXX_FEATURE:0cxx_raw_string_literals
    Feature record: CXX_FEATURE:0cxx_reference_qualified_functions
    Feature record: CXX_FEATURE:0cxx_relaxed_constexpr
    Feature record: CXX_FEATURE:0cxx_return_type_deduction
    Feature record: CXX_FEATURE:0cxx_right_angle_brackets
    Feature record: CXX_FEATURE:0cxx_rvalue_references
    Feature record: CXX_FEATURE:0cxx_sizeof_member
    Feature record: CXX_FEATURE:0cxx_static_assert
    Feature record: CXX_FEATURE:0cxx_strong_enums
    Feature record: CXX_FEATURE:1cxx_template_template_parameters
    Feature record: CXX_FEATURE:0cxx_thread_local
    Feature record: CXX_FEATURE:0cxx_trailing_return_types
    Feature record: CXX_FEATURE:0cxx_unicode_literals
    Feature record: CXX_FEATURE:0cxx_uniform_initialization
    Feature record: CXX_FEATURE:0cxx_unrestricted_unions
    Feature record: CXX_FEATURE:0cxx_user_literals
    Feature record: CXX_FEATURE:0cxx_variable_templates
    Feature record: CXX_FEATURE:0cxx_variadic_macros
    Feature record: CXX_FEATURE:0cxx_variadic_templates
Determining if the include file pthread.h exists passed with the following output:
Change Dir: /home/victor/Myfile/cafkeyproj/opensource-code&data/dlib-19.7/dlib/build/CMakeFiles/CMakeTmp

Run Build Command:"/usr/bin/make" "cmTC_8f983/fast"
/usr/bin/make -f CMakeFiles/cmTC_8f983.dir/build.make CMakeFiles/cmTC_8f983.dir/build
make[1]: Entering directory '/home/victor/Myfile/cafkeyproj/opensource-code&data/dlib-19.7/dlib/build/CMakeFiles/CMakeTmp'
Building C object CMakeFiles/cmTC_8f983.dir/CheckIncludeFile.c.o
/usr/bin/cc     -o CMakeFiles/cmTC_8f983.dir/CheckIncludeFile.c.o   -c "/home/victor/Myfile/cafkeyproj/opensource-code&data/dlib-19.7/dlib/build/CMakeFiles/CMakeTmp/CheckIncludeFile.c"
Linking C executable cmTC_8f983
/usr/bin/cmake -E cmake_link_script CMakeFiles/cmTC_8f983.dir/link.txt --verbose=1
/usr/bin/cc       CMakeFiles/cmTC_8f983.dir/CheckIncludeFile.c.o  -o cmTC_8f983 -rdynamic 
make[1]: Leaving directory '/home/victor/Myfile/cafkeyproj/opensource-code&data/dlib-19.7/dlib/build/CMakeFiles/CMakeTmp'


Determining if the function pthread_create exists in the pthread passed with the following output:
Change Dir: /home/victor/Myfile/cafkeyproj/opensource-code&data/dlib-19.7/dlib/build/CMakeFiles/CMakeTmp

Run Build Command:"/usr/bin/make" "cmTC_a8a27/fast"
/usr/bin/make -f CMakeFiles/cmTC_a8a27.dir/build.make CMakeFiles/cmTC_a8a27.dir/build
make[1]: Entering directory '/home/victor/Myfile/cafkeyproj/opensource-code&data/dlib-19.7/dlib/build/CMakeFiles/CMakeTmp'
Building C object CMakeFiles/cmTC_a8a27.dir/CheckFunctionExists.c.o
/usr/bin/cc    -DCHECK_FUNCTION_EXISTS=pthread_create   -o CMakeFiles/cmTC_a8a27.dir/CheckFunctionExists.c.o   -c /usr/share/cmake-3.5/Modules/CheckFunctionExists.c
Linking C executable cmTC_a8a27
/usr/bin/cmake -E cmake_link_script CMakeFiles/cmTC_a8a27.dir/link.txt --verbose=1
/usr/bin/cc   -DCHECK_FUNCTION_EXISTS=pthread_create    CMakeFiles/cmTC_a8a27.dir/CheckFunctionExists.c.o  -o cmTC_a8a27 -rdynamic -lpthread 
make[1]: Leaving directory '/home/victor/Myfile/cafkeyproj/opensource-code&data/dlib-19.7/dlib/build/CMakeFiles/CMakeTmp'


Determining if the function XOpenDisplay exists in the /usr/lib/x86_64-linux-gnu/libX11.so;/usr/lib/x86_64-linux-gnu/libXext.so passed with the following output:
Change Dir: /home/victor/Myfile/cafkeyproj/opensource-code&data/dlib-19.7/dlib/build/CMakeFiles/CMakeTmp

Run Build Command:"/usr/bin/make" "cmTC_55a69/fast"
/usr/bin/make -f CMakeFiles/cmTC_55a69.dir/build.make CMakeFiles/cmTC_55a69.dir/build
make[1]: Entering directory '/home/victor/Myfile/cafkeyproj/opensource-code&data/dlib-19.7/dlib/build/CMakeFiles/CMakeTmp'
Building C object CMakeFiles/cmTC_55a69.dir/CheckFunctionExists.c.o
/usr/bin/cc    -DCHECK_FUNCTION_EXISTS=XOpenDisplay   -o CMakeFiles/cmTC_55a69.dir/CheckFunctionExists.c.o   -c /usr/share/cmake-3.5/Modules/CheckFunctionExists.c
Linking C executable cmTC_55a69
/usr/bin/cmake -E cmake_link_script CMakeFiles/cmTC_55a69.dir/link.txt --verbose=1
/usr/bin/cc   -DCHECK_FUNCTION_EXISTS=XOpenDisplay    CMakeFiles/cmTC_55a69.dir/CheckFunctionExists.c.o  -o cmTC_55a69 -rdynamic /usr/lib/x86_64-linux-gnu/libX11.so /usr/lib/x86_64-linux-gnu/libXext.so 
make[1]: Leaving directory '/home/victor/Myfile/cafkeyproj/opensource-code&data/dlib-19.7/dlib/build/CMakeFiles/CMakeTmp'


Determining if the function gethostbyname exists passed with the following output:
Change Dir: /home/victor/Myfile/cafkeyproj/opensource-code&data/dlib-19.7/dlib/build/CMakeFiles/CMakeTmp

Run Build Command:"/usr/bin/make" "cmTC_161ef/fast"
/usr/bin/make -f CMakeFiles/cmTC_161ef.dir/build.make CMakeFiles/cmTC_161ef.dir/build
make[1]: Entering directory '/home/victor/Myfile/cafkeyproj/opensource-code&data/dlib-19.7/dlib/build/CMakeFiles/CMakeTmp'
Building C object CMakeFiles/cmTC_161ef.dir/CheckFunctionExists.c.o
/usr/bin/cc    -DCHECK_FUNCTION_EXISTS=gethostbyname   -o CMakeFiles/cmTC_161ef.dir/CheckFunctionExists.c.o   -c /usr/share/cmake-3.5/Modules/CheckFunctionExists.c
Linking C executable cmTC_161ef
/usr/bin/cmake -E cmake_link_script CMakeFiles/cmTC_161ef.dir/link.txt --verbose=1
/usr/bin/cc   -DCHECK_FUNCTION_EXISTS=gethostbyname    CMakeFiles/cmTC_161ef.dir/CheckFunctionExists.c.o  -o cmTC_161ef -rdynamic 
make[1]: Leaving directory '/home/victor/Myfile/cafkeyproj/opensource-code&data/dlib-19.7/dlib/build/CMakeFiles/CMakeTmp'


Determining if the function connect exists passed with the following output:
Change Dir: /home/victor/Myfile/cafkeyproj/opensource-code&data/dlib-19.7/dlib/build/CMakeFiles/CMakeTmp

Run Build Command:"/usr/bin/make" "cmTC_c623e/fast"
/usr/bin/make -f CMakeFiles/cmTC_c623e.dir/build.make CMakeFiles/cmTC_c623e.dir/build
make[1]: Entering directory '/home/victor/Myfile/cafkeyproj/opensource-code&data/dlib-19.7/dlib/build/CMakeFiles/CMakeTmp'
Building C object CMakeFiles/cmTC_c623e.dir/CheckFunctionExists.c.o
/usr/bin/cc    -DCHECK_FUNCTION_EXISTS=connect   -o CMakeFiles/cmTC_c623e.dir/CheckFunctionExists.c.o   -c /usr/share/cmake-3.5/Modules/CheckFunctionExists.c
Linking C executable cmTC_c623e
/usr/bin/cmake -E cmake_link_script CMakeFiles/cmTC_c623e.dir/link.txt --verbose=1
/usr/bin/cc   -DCHECK_FUNCTION_EXISTS=connect    CMakeFiles/cmTC_c623e.dir/CheckFunctionExists.c.o  -o cmTC_c623e -rdynamic 
make[1]: Leaving directory '/home/victor/Myfile/cafkeyproj/opensource-code&data/dlib-19.7/dlib/build/CMakeFiles/CMakeTmp'


Determining if the function remove exists passed with the following output:
Change Dir: /home/victor/Myfile/cafkeyproj/opensource-code&data/dlib-19.7/dlib/build/CMakeFiles/CMakeTmp

Run Build Command:"/usr/bin/make" "cmTC_9968a/fast"
/usr/bin/make -f CMakeFiles/cmTC_9968a.dir/build.make CMakeFiles/cmTC_9968a.dir/build
make[1]: Entering directory '/home/victor/Myfile/cafkeyproj/opensource-code&data/dlib-19.7/dlib/build/CMakeFiles/CMakeTmp'
Building C object CMakeFiles/cmTC_9968a.dir/CheckFunctionExists.c.o
/usr/bin/cc    -DCHECK_FUNCTION_EXISTS=remove   -o CMakeFiles/cmTC_9968a.dir/CheckFunctionExists.c.o   -c /usr/share/cmake-3.5/Modules/CheckFunctionExists.c
Linking C executable cmTC_9968a
/usr/bin/cmake -E cmake_link_script CMakeFiles/cmTC_9968a.dir/link.txt --verbose=1
/usr/bin/cc   -DCHECK_FUNCTION_EXISTS=remove    CMakeFiles/cmTC_9968a.dir/CheckFunctionExists.c.o  -o cmTC_9968a -rdynamic 
make[1]: Leaving directory '/home/victor/Myfile/cafkeyproj/opensource-code&data/dlib-19.7/dlib/build/CMakeFiles/CMakeTmp'


Determining if the function shmat exists passed with the following output:
Change Dir: /home/victor/Myfile/cafkeyproj/opensource-code&data/dlib-19.7/dlib/build/CMakeFiles/CMakeTmp

Run Build Command:"/usr/bin/make" "cmTC_63a68/fast"
/usr/bin/make -f CMakeFiles/cmTC_63a68.dir/build.make CMakeFiles/cmTC_63a68.dir/build
make[1]: Entering directory '/home/victor/Myfile/cafkeyproj/opensource-code&data/dlib-19.7/dlib/build/CMakeFiles/CMakeTmp'
Building C object CMakeFiles/cmTC_63a68.dir/CheckFunctionExists.c.o
/usr/bin/cc    -DCHECK_FUNCTION_EXISTS=shmat   -o CMakeFiles/cmTC_63a68.dir/CheckFunctionExists.c.o   -c /usr/share/cmake-3.5/Modules/CheckFunctionExists.c
Linking C executable cmTC_63a68
/usr/bin/cmake -E cmake_link_script CMakeFiles/cmTC_63a68.dir/link.txt --verbose=1
/usr/bin/cc   -DCHECK_FUNCTION_EXISTS=shmat    CMakeFiles/cmTC_63a68.dir/CheckFunctionExists.c.o  -o cmTC_63a68 -rdynamic 
make[1]: Leaving directory '/home/victor/Myfile/cafkeyproj/opensource-code&data/dlib-19.7/dlib/build/CMakeFiles/CMakeTmp'


Determining if the function IceConnectionNumber exists in the ICE passed with the following output:
Change Dir: /home/victor/Myfile/cafkeyproj/opensource-code&data/dlib-19.7/dlib/build/CMakeFiles/CMakeTmp

Run Build Command:"/usr/bin/make" "cmTC_56012/fast"
/usr/bin/make -f CMakeFiles/cmTC_56012.dir/build.make CMakeFiles/cmTC_56012.dir/build
make[1]: Entering directory '/home/victor/Myfile/cafkeyproj/opensource-code&data/dlib-19.7/dlib/build/CMakeFiles/CMakeTmp'
Building C object CMakeFiles/cmTC_56012.dir/CheckFunctionExists.c.o
/usr/bin/cc    -DCHECK_FUNCTION_EXISTS=IceConnectionNumber   -o CMakeFiles/cmTC_56012.dir/CheckFunctionExists.c.o   -c /usr/share/cmake-3.5/Modules/CheckFunctionExists.c
Linking C executable cmTC_56012
/usr/bin/cmake -E cmake_link_script CMakeFiles/cmTC_56012.dir/link.txt --verbose=1
/usr/bin/cc   -DCHECK_FUNCTION_EXISTS=IceConnectionNumber    CMakeFiles/cmTC_56012.dir/CheckFunctionExists.c.o  -o cmTC_56012 -rdynamic -lICE 
make[1]: Leaving directory '/home/victor/Myfile/cafkeyproj/opensource-code&data/dlib-19.7/dlib/build/CMakeFiles/CMakeTmp'


Determining if the function png_create_read_struct exists passed with the following output:
Change Dir: /home/victor/Myfile/cafkeyproj/opensource-code&data/dlib-19.7/dlib/build/CMakeFiles/CMakeTmp

Run Build Command:"/usr/bin/make" "cmTC_000aa/fast"
/usr/bin/make -f CMakeFiles/cmTC_000aa.dir/build.make CMakeFiles/cmTC_000aa.dir/build
make[1]: Entering directory '/home/victor/Myfile/cafkeyproj/opensource-code&data/dlib-19.7/dlib/build/CMakeFiles/CMakeTmp'
Building C object CMakeFiles/cmTC_000aa.dir/CheckFunctionExists.c.o
/usr/bin/cc    -DCHECK_FUNCTION_EXISTS=png_create_read_struct   -o CMakeFiles/cmTC_000aa.dir/CheckFunctionExists.c.o   -c /usr/share/cmake-3.5/Modules/CheckFunctionExists.c
Linking C executable cmTC_000aa
/usr/bin/cmake -E cmake_link_script CMakeFiles/cmTC_000aa.dir/link.txt --verbose=1
/usr/bin/cc   -DCHECK_FUNCTION_EXISTS=png_create_read_struct    CMakeFiles/cmTC_000aa.dir/CheckFunctionExists.c.o  -o cmTC_000aa -rdynamic /usr/lib/x86_64-linux-gnu/libpng.so /usr/lib/x86_64-linux-gnu/libz.so 
make[1]: Leaving directory '/home/victor/Myfile/cafkeyproj/opensource-code&data/dlib-19.7/dlib/build/CMakeFiles/CMakeTmp'


Determining if the function jpeg_read_header exists passed with the following output:
Change Dir: /home/victor/Myfile/cafkeyproj/opensource-code&data/dlib-19.7/dlib/build/CMakeFiles/CMakeTmp

Run Build Command:"/usr/bin/make" "cmTC_38102/fast"
/usr/bin/make -f CMakeFiles/cmTC_38102.dir/build.make CMakeFiles/cmTC_38102.dir/build
make[1]: Entering directory '/home/victor/Myfile/cafkeyproj/opensource-code&data/dlib-19.7/dlib/build/CMakeFiles/CMakeTmp'
Building C object CMakeFiles/cmTC_38102.dir/CheckFunctionExists.c.o
/usr/bin/cc    -DCHECK_FUNCTION_EXISTS=jpeg_read_header   -o CMakeFiles/cmTC_38102.dir/CheckFunctionExists.c.o   -c /usr/share/cmake-3.5/Modules/CheckFunctionExists.c
Linking C executable cmTC_38102
/usr/bin/cmake -E cmake_link_script CMakeFiles/cmTC_38102.dir/link.txt --verbose=1
/usr/bin/cc   -DCHECK_FUNCTION_EXISTS=jpeg_read_header    CMakeFiles/cmTC_38102.dir/CheckFunctionExists.c.o  -o cmTC_38102 -rdynamic /usr/lib/x86_64-linux-gnu/libjpeg.so 
make[1]: Leaving directory '/home/victor/Myfile/cafkeyproj/opensource-code&data/dlib-19.7/dlib/build/CMakeFiles/CMakeTmp'


Determining if the include file sys/types.h exists passed with the following output:
Change Dir: /home/victor/Myfile/cafkeyproj/opensource-code&data/dlib-19.7/dlib/build/CMakeFiles/CMakeTmp

Run Build Command:"/usr/bin/make" "cmTC_288bb/fast"
/usr/bin/make -f CMakeFiles/cmTC_288bb.dir/build.make CMakeFiles/cmTC_288bb.dir/build
make[1]: Entering directory '/home/victor/Myfile/cafkeyproj/opensource-code&data/dlib-19.7/dlib/build/CMakeFiles/CMakeTmp'
Building C object CMakeFiles/cmTC_288bb.dir/CheckIncludeFile.c.o
/usr/bin/cc     -o CMakeFiles/cmTC_288bb.dir/CheckIncludeFile.c.o   -c "/home/victor/Myfile/cafkeyproj/opensource-code&data/dlib-19.7/dlib/build/CMakeFiles/CMakeTmp/CheckIncludeFile.c"
Linking C executable cmTC_288bb
/usr/bin/cmake -E cmake_link_script CMakeFiles/cmTC_288bb.dir/link.txt --verbose=1
/usr/bin/cc       CMakeFiles/cmTC_288bb.dir/CheckIncludeFile.c.o  -o cmTC_288bb -rdynamic 
make[1]: Leaving directory '/home/victor/Myfile/cafkeyproj/opensource-code&data/dlib-19.7/dlib/build/CMakeFiles/CMakeTmp'


Determining if the include file stdint.h exists passed with the following output:
Change Dir: /home/victor/Myfile/cafkeyproj/opensource-code&data/dlib-19.7/dlib/build/CMakeFiles/CMakeTmp

Run Build Command:"/usr/bin/make" "cmTC_bb35c/fast"
/usr/bin/make -f CMakeFiles/cmTC_bb35c.dir/build.make CMakeFiles/cmTC_bb35c.dir/build
make[1]: Entering directory '/home/victor/Myfile/cafkeyproj/opensource-code&data/dlib-19.7/dlib/build/CMakeFiles/CMakeTmp'
Building C object CMakeFiles/cmTC_bb35c.dir/CheckIncludeFile.c.o
/usr/bin/cc     -o CMakeFiles/cmTC_bb35c.dir/CheckIncludeFile.c.o   -c "/home/victor/Myfile/cafkeyproj/opensource-code&data/dlib-19.7/dlib/build/CMakeFiles/CMakeTmp/CheckIncludeFile.c"
Linking C executable cmTC_bb35c
/usr/bin/cmake -E cmake_link_script CMakeFiles/cmTC_bb35c.dir/link.txt --verbose=1
/usr/bin/cc       CMakeFiles/cmTC_bb35c.dir/CheckIncludeFile.c.o  -o cmTC_bb35c -rdynamic 
make[1]: Leaving directory '/home/victor/Myfile/cafkeyproj/opensource-code&data/dlib-19.7/dlib/build/CMakeFiles/CMakeTmp'


Determining if the include file stddef.h exists passed with the following output:
Change Dir: /home/victor/Myfile/cafkeyproj/opensource-code&data/dlib-19.7/dlib/build/CMakeFiles/CMakeTmp

Run Build Command:"/usr/bin/make" "cmTC_18672/fast"
/usr/bin/make -f CMakeFiles/cmTC_18672.dir/build.make CMakeFiles/cmTC_18672.dir/build
make[1]: Entering directory '/home/victor/Myfile/cafkeyproj/opensource-code&data/dlib-19.7/dlib/build/CMakeFiles/CMakeTmp'
Building C object CMakeFiles/cmTC_18672.dir/CheckIncludeFile.c.o
/usr/bin/cc     -o CMakeFiles/cmTC_18672.dir/CheckIncludeFile.c.o   -c "/home/victor/Myfile/cafkeyproj/opensource-code&data/dlib-19.7/dlib/build/CMakeFiles/CMakeTmp/CheckIncludeFile.c"
Linking C executable cmTC_18672
/usr/bin/cmake -E cmake_link_script CMakeFiles/cmTC_18672.dir/link.txt --verbose=1
/usr/bin/cc       CMakeFiles/cmTC_18672.dir/CheckIncludeFile.c.o  -o cmTC_18672 -rdynamic 
make[1]: Leaving directory '/home/victor/Myfile/cafkeyproj/opensource-code&data/dlib-19.7/dlib/build/CMakeFiles/CMakeTmp'


Determining size of void* passed with the following output:
Change Dir: /home/victor/Myfile/cafkeyproj/opensource-code&data/dlib-19.7/dlib/build/CMakeFiles/CMakeTmp

Run Build Command:"/usr/bin/make" "cmTC_bc5e8/fast"
/usr/bin/make -f CMakeFiles/cmTC_bc5e8.dir/build.make CMakeFiles/cmTC_bc5e8.dir/build
make[1]: Entering directory '/home/victor/Myfile/cafkeyproj/opensource-code&data/dlib-19.7/dlib/build/CMakeFiles/CMakeTmp'
Building C object CMakeFiles/cmTC_bc5e8.dir/SIZE_OF_VOID_PTR.c.o
/usr/bin/cc     -o CMakeFiles/cmTC_bc5e8.dir/SIZE_OF_VOID_PTR.c.o   -c "/home/victor/Myfile/cafkeyproj/opensource-code&data/dlib-19.7/dlib/build/CMakeFiles/CheckTypeSize/SIZE_OF_VOID_PTR.c"
Linking C executable cmTC_bc5e8
/usr/bin/cmake -E cmake_link_script CMakeFiles/cmTC_bc5e8.dir/link.txt --verbose=1
/usr/bin/cc       CMakeFiles/cmTC_bc5e8.dir/SIZE_OF_VOID_PTR.c.o  -o cmTC_bc5e8 -rdynamic /usr/lib/x86_64-linux-gnu/libjpeg.so 
make[1]: Leaving directory '/home/victor/Myfile/cafkeyproj/opensource-code&data/dlib-19.7/dlib/build/CMakeFiles/CMakeTmp'


Determining if the function cblas_ddot exists passed with the following output:
Change Dir: /home/victor/Myfile/cafkeyproj/opensource-code&data/dlib-19.7/dlib/build/CMakeFiles/CMakeTmp

Run Build Command:"/usr/bin/make" "cmTC_5630b/fast"
/usr/bin/make -f CMakeFiles/cmTC_5630b.dir/build.make CMakeFiles/cmTC_5630b.dir/build
make[1]: Entering directory '/home/victor/Myfile/cafkeyproj/opensource-code&data/dlib-19.7/dlib/build/CMakeFiles/CMakeTmp'
Building C object CMakeFiles/cmTC_5630b.dir/CheckFunctionExists.c.o
/usr/bin/cc    -DCHECK_FUNCTION_EXISTS=cblas_ddot   -o CMakeFiles/cmTC_5630b.dir/CheckFunctionExists.c.o   -c /usr/share/cmake-3.5/Modules/CheckFunctionExists.c
Linking C executable cmTC_5630b
/usr/bin/cmake -E cmake_link_script CMakeFiles/cmTC_5630b.dir/link.txt --verbose=1
/usr/bin/cc   -DCHECK_FUNCTION_EXISTS=cblas_ddot    CMakeFiles/cmTC_5630b.dir/CheckFunctionExists.c.o  -o cmTC_5630b -rdynamic /usr/lib/libatlas.so /usr/lib/libcblas.so 
make[1]: Leaving directory '/home/victor/Myfile/cafkeyproj/opensource-code&data/dlib-19.7/dlib/build/CMakeFiles/CMakeTmp'


